<?xml version="1.0" encoding="UTF-8"?>
<testsuite xmlns:xsi="http://www.w3.org/2001/XMLSchema-instance" xsi:noNamespaceSchemaLocation="https://maven.apache.org/surefire/maven-surefire-plugin/xsd/surefire-test-report.xsd" name="com.atguigu.gulimall.thirdparty.GulimallThirdPartyApplicationTests" time="19.887" tests="2" errors="0" skipped="0" failures="0">
  <properties>
[...]
</properties>
  <testcase name="sendSmsCode" classname="com.atguigu.gulimall.thirdparty.GulimallThirdPartyApplicationTests" time="0.258"/>
  <testcase name="sendSms" classname="com.atguigu.gulimall.thirdparty.GulimallThirdPartyApplicationTests" time="1.753"/>
</testsuite>