<?xml version="1.0" encoding="UTF-8"?>
<testsuite xmlns:xsi="http://www.w3.org/2001/XMLSchema-instance" xsi:noNamespaceSchemaLocation="https://maven.apache.org/surefire/maven-surefire-plugin/xsd/surefire-test-report.xsd" name="com.atguigu.gulimall.gulimallware.GulimallWareApplicationTests" time="1.335" tests="1" errors="1" skipped="0" failures="0">
  <properties>
[...]
</properties>
  <testcase name="initializationError" classname="com.atguigu.gulimall.gulimallware.GulimallWareApplicationTests" time="0.012">
    <error message="Unable to find a @SpringBootConfiguration, you need to use @ContextConfiguration or @SpringBootTest(classes=...) with your test" type="java.lang.IllegalStateException">java.lang.IllegalStateException: Unable to find a @SpringBootConfiguration, you need to use @ContextConfiguration or @SpringBootTest(classes=...) with your test
</error>
    <system-out><![CDATA[20:01:41.048 [main] DEBUG org.springframework.test.context.junit4.SpringJUnit4ClassRunner - SpringJUnit4ClassRunner constructor called with [class com.atguigu.gulimall.gulimallware.GulimallWareApplicationTests]
20:01:41.060 [main] DEBUG org.springframework.test.context.BootstrapUtils - Instantiating CacheAwareContextLoaderDelegate from class [org.springframework.test.context.cache.DefaultCacheAwareContextLoaderDelegate]
20:01:41.082 [main] DEBUG org.springframework.test.context.BootstrapUtils - Instantiating BootstrapContext using constructor [public org.springframework.test.context.support.DefaultBootstrapContext(java.lang.Class,org.springframework.test.context.CacheAwareContextLoaderDelegate)]
20:01:41.172 [main] DEBUG org.springframework.test.context.BootstrapUtils - Instantiating TestContextBootstrapper for test class [com.atguigu.gulimall.gulimallware.GulimallWareApplicationTests] from class [org.springframework.boot.test.context.SpringBootTestContextBootstrapper]
20:01:41.252 [main] INFO org.springframework.boot.test.context.SpringBootTestContextBootstrapper - Neither @ContextConfiguration nor @ContextHierarchy found for test class [com.atguigu.gulimall.gulimallware.GulimallWareApplicationTests], using SpringBootContextLoader
20:01:41.262 [main] DEBUG org.springframework.test.context.support.AbstractContextLoader - Did not detect default resource location for test class [com.atguigu.gulimall.gulimallware.GulimallWareApplicationTests]: class path resource [com/atguigu/gulimall/gulimallware/GulimallWareApplicationTests-context.xml] does not exist
20:01:41.325 [main] DEBUG org.springframework.test.context.support.AbstractContextLoader - Did not detect default resource location for test class [com.atguigu.gulimall.gulimallware.GulimallWareApplicationTests]: class path resource [com/atguigu/gulimall/gulimallware/GulimallWareApplicationTestsContext.groovy] does not exist
20:01:41.327 [main] INFO org.springframework.test.context.support.AbstractContextLoader - Could not detect default resource locations for test class [com.atguigu.gulimall.gulimallware.GulimallWareApplicationTests]: no resource found for suffixes {-context.xml, Context.groovy}.
20:01:41.329 [main] INFO org.springframework.test.context.support.AnnotationConfigContextLoaderUtils - Could not detect default configuration classes for test class [com.atguigu.gulimall.gulimallware.GulimallWareApplicationTests]: GulimallWareApplicationTests does not declare any static, non-private, non-final, nested classes annotated with @Configuration.
20:01:41.607 [main] DEBUG org.springframework.test.context.support.ActiveProfilesUtils - Could not find an 'annotation declaring class' for annotation type [org.springframework.test.context.ActiveProfiles] and class [com.atguigu.gulimall.gulimallware.GulimallWareApplicationTests]
]]></system-out>
  </testcase>
</testsuite>