-------------------------------------------------------------------------------
Test set: com.atguigu.gulimall.cart.GulimallCartApplicationTests
-------------------------------------------------------------------------------
Tests run: 1, Failures: 0, Errors: 1, Skipped: 0, Time elapsed: 0.221 s <<< FAILURE! - in com.atguigu.gulimall.cart.GulimallCartApplicationTests
initializationError(com.atguigu.gulimall.cart.GulimallCartApplicationTests)  Time elapsed: 0.008 s  <<< ERROR!
java.lang.Exception: No runnable methods

